\BOOKMARK [0][-]{section*.2}{\376\377\144\130\000\040\211\201}{}% 1
\BOOKMARK [0][-]{section*.3}{\376\377\000A\000B\000S\000T\000R\000A\000C\000T}{}% 2
\BOOKMARK [0][-]{chapter.1}{\376\377\176\352\213\272}{}% 3
\BOOKMARK [1][-]{section.1.1}{\376\377\170\024\172\166\200\314\146\157\116\016\141\017\116\111}{chapter.1}% 4
\BOOKMARK [1][-]{section.1.2}{\376\377\126\375\121\205\131\026\170\024\172\166\163\260\162\266}{chapter.1}% 5
\BOOKMARK [2][-]{subsection.1.2.1}{\376\377\124\016\225\350\145\073\121\373\170\024\172\166}{section.1.2}% 6
\BOOKMARK [2][-]{subsection.1.2.2}{\376\377\124\016\225\350\226\062\137\241\170\024\172\166}{section.1.2}% 7
\BOOKMARK [2][-]{subsection.1.2.3}{\376\377\147\103\221\315\172\172\225\364\210\150\171\072\170\024\172\166}{section.1.2}% 8
\BOOKMARK [1][-]{section.1.3}{\376\377\116\073\211\201\170\024\172\166\121\205\133\271\116\016\215\041\163\056}{chapter.1}% 9
\BOOKMARK [1][-]{section.1.4}{\376\377\213\272\145\207\176\323\147\204\133\211\143\222}{chapter.1}% 10
\BOOKMARK [0][-]{chapter.2}{\376\377\166\370\121\163\135\345\117\134}{}% 11
\BOOKMARK [1][-]{section.2.1}{\376\377\131\047\213\355\212\000\152\041\127\213}{chapter.2}% 12
\BOOKMARK [2][-]{subsection.2.1.1}{\376\377\230\204\213\255\176\303}{section.2.1}% 13
\BOOKMARK [2][-]{subsection.2.1.2}{\376\377\137\256\214\003}{section.2.1}% 14
\BOOKMARK [1][-]{section.2.2}{\376\377\124\016\225\350\145\073\121\373}{chapter.2}% 15
\BOOKMARK [2][-]{subsection.2.2.1}{\376\377\123\125\211\346\123\321\126\150\124\016\225\350\145\073\121\373}{section.2.2}% 16
\BOOKMARK [2][-]{subsection.2.2.2}{\376\377\131\032\211\346\123\321\126\150\124\016\225\350\145\073\121\373}{section.2.2}% 17
\BOOKMARK [2][-]{subsection.2.2.3}{\376\377\145\340\211\346\123\321\126\150\124\016\225\350\145\073\121\373}{section.2.2}% 18
\BOOKMARK [1][-]{section.2.3}{\376\377\124\016\225\350\226\062\137\241}{chapter.2}% 19
\BOOKMARK [2][-]{subsection.2.3.1}{\376\377\127\372\116\216\137\256\214\003\166\204\226\062\137\241}{section.2.3}% 20
\BOOKMARK [2][-]{subsection.2.3.2}{\376\377\127\372\116\216\122\152\147\235\166\204\226\062\137\241}{section.2.3}% 21
\BOOKMARK [2][-]{subsection.2.3.3}{\376\377\127\372\116\216\123\302\145\160\177\026\217\221\166\204\226\062\137\241}{section.2.3}% 22
\BOOKMARK [2][-]{subsection.2.3.4}{\376\377\127\372\116\216\135\114\121\145\166\204\226\062\137\241}{section.2.3}% 23
\BOOKMARK [1][-]{section.2.4}{\376\377\147\103\221\315\172\172\225\364\210\150\171\072}{chapter.2}% 24
\BOOKMARK [2][-]{subsection.2.4.1}{\376\377\116\373\122\241\124\021\221\317}{section.2.4}% 25
\BOOKMARK [2][-]{subsection.2.4.2}{\376\377\152\041\127\213\124\010\136\166}{section.2.4}% 26
\BOOKMARK [2][-]{subsection.2.4.3}{\376\377\133\371\124\016\225\350\121\300\123\026\166\204\124\057\171\072}{section.2.4}% 27
\BOOKMARK [0][-]{chapter.3}{\376\377\000P\000r\000o\000t\000o\000P\000u\000r\000i\000f\000y\145\271\154\325\213\276\213\241}{}% 28
\BOOKMARK [1][-]{section.3.1}{\376\377\132\001\200\301\152\041\127\213}{chapter.3}% 29
\BOOKMARK [2][-]{subsection.3.1.1}{\376\377\226\062\137\241\145\271\120\107\213\276}{section.3.1}% 30
\BOOKMARK [2][-]{subsection.3.1.2}{\376\377\145\073\121\373\145\271\120\107\213\276}{section.3.1}% 31
\BOOKMARK [1][-]{section.3.2}{\376\377\145\271\154\325\151\202\217\360}{chapter.3}% 32
\BOOKMARK [2][-]{subsection.3.2.1}{\376\377\150\070\137\303\122\250\147\072}{section.3.2}% 33
\BOOKMARK [2][-]{subsection.3.2.2}{\376\377\126\333\226\066\153\265\135\345\117\134\155\101\172\013}{section.3.2}% 34
\BOOKMARK [1][-]{section.3.3}{\376\377\226\066\153\265\116\000\377\032\124\016\225\350\152\041\142\337}{chapter.3}% 35
\BOOKMARK [2][-]{subsection.3.3.1}{\376\377\166\356\150\007}{section.3.3}% 36
\BOOKMARK [2][-]{subsection.3.3.2}{\376\377\152\041\142\337\124\016\225\350\152\041\127\213\116\016\136\162\121\300\152\041\127\213}{section.3.3}% 37
\BOOKMARK [2][-]{subsection.3.3.3}{\376\377\124\016\225\350\124\021\221\317\143\320\123\326}{section.3.3}% 38
\BOOKMARK [2][-]{subsection.3.3.4}{\376\377\173\227\154\325\143\317\217\360}{section.3.3}% 39
\BOOKMARK [1][-]{section.3.4}{\376\377\226\066\153\265\116\214\377\032\123\237\127\213\147\204\136\372}{chapter.3}% 40
\BOOKMARK [2][-]{subsection.3.4.1}{\376\377\200\132\124\010\173\126\165\145}{section.3.4}% 41
\BOOKMARK [2][-]{subsection.3.4.2}{\376\377\123\237\127\213\220\011\142\351}{section.3.4}% 42
\BOOKMARK [2][-]{subsection.3.4.3}{\376\377\173\227\154\325\143\317\217\360}{section.3.4}% 43
\BOOKMARK [1][-]{section.3.5}{\376\377\226\066\153\265\116\011\377\032\217\271\165\114\134\102\150\300\155\113}{chapter.3}% 44
\BOOKMARK [2][-]{subsection.3.5.1}{\376\377\122\250\147\072}{section.3.5}% 45
\BOOKMARK [2][-]{subsection.3.5.2}{\376\377\134\102\176\247\133\371\237\120\122\006\145\160}{section.3.5}% 46
\BOOKMARK [2][-]{subsection.3.5.3}{\376\377\217\271\165\114\134\102\122\044\133\232\121\306\122\031}{section.3.5}% 47
\BOOKMARK [2][-]{subsection.3.5.4}{\376\377\173\227\154\325\143\317\217\360}{section.3.5}% 48
\BOOKMARK [1][-]{section.3.6}{\376\377\226\066\153\265\126\333\377\032\152\041\127\213\121\300\123\026}{chapter.3}% 49
\BOOKMARK [2][-]{subsection.3.6.1}{\376\377\167\351\226\065\122\006\211\343}{section.3.6}% 50
\BOOKMARK [2][-]{subsection.3.6.2}{\376\377\124\016\225\350\117\341\123\367\213\241\173\227\116\016\122\006\221\317\220\011\142\351}{section.3.6}% 51
\BOOKMARK [2][-]{subsection.3.6.3}{\376\377\123\357\143\247\124\016\225\350\142\221\122\066}{section.3.6}% 52
\BOOKMARK [2][-]{subsection.3.6.4}{\376\377\173\227\154\325\143\317\217\360}{section.3.6}% 53
\BOOKMARK [1][-]{section.3.7}{\376\377\227\142\124\021\000B\000D\000a\000a\000S\166\204\213\276\213\241\117\030\122\277}{chapter.3}% 54
\BOOKMARK [0][-]{chapter.4}{\376\377\133\236\232\214\213\304\117\060\116\016\176\323\213\272}{}% 55
\BOOKMARK [1][-]{section.4.1}{\376\377\133\236\232\214\213\276\177\156}{chapter.4}% 56
\BOOKMARK [2][-]{subsection.4.1.1}{\376\377\145\160\143\156\226\306}{section.4.1}% 57
\BOOKMARK [2][-]{subsection.4.1.2}{\376\377\166\356\150\007\131\047\213\355\212\000\152\041\127\213}{section.4.1}% 58
\BOOKMARK [2][-]{subsection.4.1.3}{\376\377\213\304\117\060\166\204\124\016\225\350\145\073\121\373}{section.4.1}% 59
\BOOKMARK [2][-]{subsection.4.1.4}{\376\377\127\372\176\277\226\062\137\241\145\271\154\325}{section.4.1}% 60
\BOOKMARK [2][-]{subsection.4.1.5}{\376\377\213\304\117\060\143\007\150\007}{section.4.1}% 61
\BOOKMARK [2][-]{subsection.4.1.6}{\376\377\211\346\123\321\126\150\174\173\127\213}{section.4.1}% 62
\BOOKMARK [1][-]{section.4.2}{\376\377\122\006\174\173\116\373\122\241\116\073\211\201\133\236\232\214\176\323\147\234}{chapter.4}% 63
\BOOKMARK [1][-]{section.4.3}{\376\377\165\037\142\020\116\373\122\241\116\073\211\201\133\236\232\214\176\323\147\234}{chapter.4}% 64
\BOOKMARK [1][-]{section.4.4}{\376\377\155\210\207\215\133\236\232\214}{chapter.4}% 65
\BOOKMARK [2][-]{subsection.4.4.1}{\376\377\202\157\140\047\124\021\221\317\171\373\226\144\166\204\221\315\211\201\140\047}{section.4.4}% 66
\BOOKMARK [2][-]{subsection.4.4.2}{\376\377\200\132\124\010\145\271\154\325\166\204\137\161\124\315}{section.4.4}% 67
\BOOKMARK [2][-]{subsection.4.4.3}{\376\377\217\271\165\114\134\102\220\011\142\351\166\204\137\161\124\315}{section.4.4}% 68
\BOOKMARK [1][-]{section.4.5}{\376\377\227\142\124\021\124\016\225\350\226\062\137\241\123\163\147\015\122\241\166\204\122\006\147\220}{chapter.4}% 69
\BOOKMARK [2][-]{subsection.4.5.1}{\376\377\123\357\131\015\165\050\140\047}{section.4.5}% 70
\BOOKMARK [2][-]{subsection.4.5.2}{\376\377\123\357\133\232\122\066\123\026}{section.4.5}% 71
\BOOKMARK [2][-]{subsection.4.5.3}{\376\377\123\357\211\343\221\312\140\047}{section.4.5}% 72
\BOOKMARK [2][-]{subsection.4.5.4}{\376\377\217\320\210\114\145\366\232\330\145\110\140\047}{section.4.5}% 73
\BOOKMARK [1][-]{section.4.6}{\376\377\201\352\220\002\136\224\145\073\121\373\234\201\150\322\140\047}{chapter.4}% 74
\BOOKMARK [1][-]{section.4.7}{\376\377\136\162\121\300\152\041\127\213\172\063\133\232\140\047}{chapter.4}% 75
\BOOKMARK [1][-]{section.4.8}{\376\377\147\054\172\340\134\017\176\323\116\016\121\150\145\207\176\323\213\272}{chapter.4}% 76
\BOOKMARK [2][-]{subsection.4.8.1}{\376\377\147\054\172\340\134\017\176\323}{section.4.8}% 77
\BOOKMARK [2][-]{subsection.4.8.2}{\376\377\121\150\145\207\176\323\213\272}{section.4.8}% 78
\BOOKMARK [0][-]{section*.20}{\376\377\123\302\200\003\145\207\163\056}{}% 79
\BOOKMARK [0][-]{section*.22}{\376\377\201\364\214\042}{}% 80
\BOOKMARK [0][-]{appendix.A}{\376\377\133\236\232\214\210\145\121\105\147\120\145\231}{}% 81
\BOOKMARK [1][-]{section.A.1}{\376\377\133\236\232\214\215\205\123\302\145\160\213\276\177\156}{appendix.A}% 82
\BOOKMARK [1][-]{section.A.2}{\376\377\217\205\122\251\145\160\143\156\226\306\213\346\140\305}{appendix.A}% 83
